<?xml version="1.0" encoding="UTF-8"?>
<!-- Generated by org.testng.reporters.JUnitReportReporter -->
<testsuite skipped="0" hostname="CBT-MH-000" name="MyProject.PHPTravels.Test_Case_4Test" tests="1" failures="0" timestamp="11 Oct 2019 10:36:28 GMT" time="33.609" errors="0">
  <testcase name="tourSearch" time="33.609" classname="MyProject.PHPTravels.Test_Case_4Test"/>
</testsuite> <!-- MyProject.PHPTravels.Test_Case_4Test -->
