<?xml version="1.0" encoding="UTF-8"?>
<!-- Generated by org.testng.reporters.JUnitReportReporter -->
<testsuite skipped="0" hostname="CBT-MH-000" name="MyProject.PHPTravels.Test_Case_2Test" tests="1" failures="0" timestamp="11 Oct 2019 10:30:50 GMT" time="38.193" errors="0">
  <testcase name="hotelSearch" time="38.193" classname="MyProject.PHPTravels.Test_Case_2Test"/>
</testsuite> <!-- MyProject.PHPTravels.Test_Case_2Test -->
