<?xml version="1.0" encoding="UTF-8"?>
<!-- Generated by org.testng.reporters.JUnitReportReporter -->
<testsuite hostname="CBT-MH-000" name="MyProject.PHPTravels.Demo1Test" tests="1" failures="0" timestamp="30 Sep 2019 10:43:39 GMT" time="14.838" errors="0">
  <testcase name="method1" time="14.838" classname="MyProject.PHPTravels.Demo1Test"/>
</testsuite> <!-- MyProject.PHPTravels.Demo1Test -->
