<?xml version="1.0" encoding="UTF-8"?>
<!-- Generated by org.testng.reporters.JUnitReportReporter -->
<testsuite skipped="0" hostname="CBT-MH-000" name="MyProject.PHPTravels.Test_Case_1Test" tests="1" failures="0" timestamp="11 Oct 2019 10:29:08 GMT" time="34.799" errors="0">
  <testcase name="userRegistration" time="34.799" classname="MyProject.PHPTravels.Test_Case_1Test"/>
</testsuite> <!-- MyProject.PHPTravels.Test_Case_1Test -->
