<?xml version="1.0" encoding="UTF-8"?>
<!-- Generated by org.testng.reporters.JUnitReportReporter -->
<testsuite skipped="0" hostname="CBT-MH-000" name="MyProject.PHPTravels.Test_Case_3Test" tests="1" failures="0" timestamp="11 Oct 2019 10:34:34 GMT" time="35.398" errors="0">
  <testcase name="fightSearch" time="35.398" classname="MyProject.PHPTravels.Test_Case_3Test"/>
</testsuite> <!-- MyProject.PHPTravels.Test_Case_3Test -->
